<?xml version="1.0" encoding="UTF-8"?>
<testng-results ignored="0" total="1" passed="1" failed="0" skipped="0">
  <reporter-output>
  </reporter-output>
  <suite started-at="2018-04-10T22:19:41Z" name="Default suite" finished-at="2018-04-10T22:20:26Z" duration-ms="45205">
    <groups>
    </groups>
    <test started-at="2018-04-10T22:19:41Z" name="Default test" finished-at="2018-04-10T22:20:26Z" duration-ms="45205">
      <class name="YDF.automation.NewTest">
        <test-method signature="f()[pri:0, instance:YDF.automation.NewTest@71238fc2]" started-at="2018-04-10T22:19:41Z" name="f" finished-at="2018-04-10T22:20:26Z" duration-ms="45159" status="PASS">
          <reporter-output>
          </reporter-output>
        </test-method> <!-- f -->
      </class> <!-- YDF.automation.NewTest -->
    </test> <!-- Default test -->
  </suite> <!-- Default suite -->
</testng-results>
